SockJS v0.3.19 bound to "/chat"
Server running at https://glokallist.com:3050/
GET /chat/info 4ms 200
GET /chat/info 0ms 200
GET /chat/info 5ms 200
GET /chat/187/n8hg1d9d/websocket 6ms (unfinished)
User is online
Message Received.....!
Message Broadcasted.....!
User is offline
Closed : d7456fdb-fbbc-4a42-9760-315868b6447b
events.js:183
      throw er; // Unhandled 'error' event
      ^

Error: Connection lost: The server closed the connection.
    at Protocol.end (/var/www/html/glokallist.com/public_html/node_modules/mysql/lib/protocol/Protocol.js:112:13)
    at Socket.<anonymous> (/var/www/html/glokallist.com/public_html/node_modules/mysql/lib/Connection.js:97:28)
    at Socket.<anonymous> (/var/www/html/glokallist.com/public_html/node_modules/mysql/lib/Connection.js:502:10)
    at emitNone (events.js:111:20)
    at Socket.emit (events.js:208:7)
    at endReadableNT (_stream_readable.js:1064:12)
    at _combinedTickCallback (internal/process/next_tick.js:138:11)
    at process._tickCallback (internal/process/next_tick.js:180:9)
module.js:549
    throw err;
    ^

Error: Cannot find module '/var/www/html/glokallist.com/public_html/server.js'
    at Function.Module._resolveFilename (module.js:547:15)
    at Function.Module._load (module.js:474:25)
    at Function.Module.runMain (module.js:693:10)
    at startup (bootstrap_node.js:191:16)
    at bootstrap_node.js:612:3
SockJS v0.3.19 bound to "/chat"
events.js:183
      throw er; // Unhandled 'error' event
      ^

Error: listen EADDRINUSE 206.189.71.188:3050
    at Object._errnoException (util.js:992:11)
    at _exceptionWithHostPort (util.js:1014:20)
    at Server.setupListenHandle [as _listen2] (net.js:1355:14)
    at listenInCluster (net.js:1396:12)
    at GetAddrInfoReqWrap.doListen [as callback] (net.js:1505:7)
    at GetAddrInfoReqWrap.onlookup [as oncomplete] (dns.js:97:10)
